<?xml version="1.0" encoding="UTF-8"?>
<coverage generated="1679911948960" clover="3.2.0">
  <project timestamp="1679911948960" name="All files">
    <metrics statements="35" coveredstatements="14" conditionals="0" coveredconditionals="0" methods="17" coveredmethods="8" elements="52" coveredelements="22" complexity="0" loc="35" ncloc="35" packages="2" files="5" classes="5"/>
    <package name="src">
      <metrics statements="28" coveredstatements="11" conditionals="0" coveredconditionals="0" methods="14" coveredmethods="6"/>
      <file name="data-services.ts" path="/Users/axw/Documents/gitProjects/hardhat-block-explore/hardhat-data-aggregator/src/data-services.ts">
        <metrics statements="10" coveredstatements="4" conditionals="0" coveredconditionals="0" methods="4" coveredmethods="2"/>
        <line num="10" count="1" type="stmt"/>
        <line num="14" count="1" type="stmt"/>
        <line num="15" count="1" type="stmt"/>
        <line num="16" count="0" type="stmt"/>
        <line num="19" count="1" type="stmt"/>
        <line num="23" count="0" type="stmt"/>
        <line num="24" count="0" type="stmt"/>
        <line num="27" count="0" type="stmt"/>
        <line num="28" count="0" type="stmt"/>
        <line num="32" count="0" type="stmt"/>
      </file>
      <file name="hardhat-node-services.ts" path="/Users/axw/Documents/gitProjects/hardhat-block-explore/hardhat-data-aggregator/src/hardhat-node-services.ts">
        <metrics statements="8" coveredstatements="0" conditionals="0" coveredconditionals="0" methods="3" coveredmethods="0"/>
        <line num="7" count="0" type="stmt"/>
        <line num="10" count="0" type="stmt"/>
        <line num="11" count="0" type="stmt"/>
        <line num="15" count="0" type="stmt"/>
        <line num="19" count="0" type="stmt"/>
        <line num="20" count="0" type="stmt"/>
        <line num="22" count="0" type="stmt"/>
        <line num="25" count="0" type="stmt"/>
      </file>
      <file name="hardhat-types.ts" path="/Users/axw/Documents/gitProjects/hardhat-block-explore/hardhat-data-aggregator/src/hardhat-types.ts">
        <metrics statements="1" coveredstatements="0" conditionals="0" coveredconditionals="0" methods="1" coveredmethods="0"/>
        <line num="7" count="0" type="stmt"/>
      </file>
      <file name="prisma-client-services.ts" path="/Users/axw/Documents/gitProjects/hardhat-block-explore/hardhat-data-aggregator/src/prisma-client-services.ts">
        <metrics statements="9" coveredstatements="7" conditionals="0" coveredconditionals="0" methods="6" coveredmethods="4"/>
        <line num="8" count="1" type="stmt"/>
        <line num="9" count="1" type="stmt"/>
        <line num="10" count="1" type="stmt"/>
        <line num="18" count="1" type="stmt"/>
        <line num="22" count="0" type="stmt"/>
        <line num="30" count="1" type="stmt"/>
        <line num="34" count="1" type="stmt"/>
        <line num="35" count="0" type="stmt"/>
        <line num="37" count="1" type="stmt"/>
      </file>
    </package>
    <package name="test.utils">
      <metrics statements="7" coveredstatements="3" conditionals="0" coveredconditionals="0" methods="3" coveredmethods="2"/>
      <file name="utils.ts" path="/Users/axw/Documents/gitProjects/hardhat-block-explore/hardhat-data-aggregator/test/utils/utils.ts">
        <metrics statements="7" coveredstatements="3" conditionals="0" coveredconditionals="0" methods="3" coveredmethods="2"/>
        <line num="5" count="0" type="stmt"/>
        <line num="6" count="0" type="stmt"/>
        <line num="8" count="0" type="stmt"/>
        <line num="13" count="1" type="stmt"/>
        <line num="14" count="1" type="stmt"/>
        <line num="16" count="0" type="stmt"/>
        <line num="21" count="1" type="stmt"/>
      </file>
    </package>
  </project>
</coverage>
