{"/Users/axw/Documents/gitProjects/hardhat-block-explore/hardhat-data-aggregator/src/data-services.ts": {"path":"/Users/axw/Documents/gitProjects/hardhat-block-explore/hardhat-data-aggregator/src/data-services.ts","statementMap":{"0":{"start":{"line":10,"column":2},"end":{"line":10,"column":35}},"1":{"start":{"line":14,"column":31},"end":{"line":14,"column":33}},"2":{"start":{"line":15,"column":2},"end":{"line":17,"column":3}},"3":{"start":{"line":15,"column":15},"end":{"line":15,"column":16}},"4":{"start":{"line":16,"column":3},"end":{"line":16,"column":51}},"5":{"start":{"line":19,"column":2},"end":{"line":19,"column":19}},"6":{"start":{"line":23,"column":15},"end":{"line":25,"column":4}},"7":{"start":{"line":24,"column":6},"end":{"line":24,"column":37}},"8":{"start":{"line":27,"column":2},"end":{"line":33,"column":3}},"9":{"start":{"line":28,"column":3},"end":{"line":30,"column":6}},"10":{"start":{"line":32,"column":3},"end":{"line":32,"column":13}}},"fnMap":{"0":{"name":"(anonymous_0)","decl":{"start":{"line":9,"column":1},"end":{"line":9,"column":2}},"loc":{"start":{"line":9,"column":15},"end":{"line":11,"column":2}},"line":9},"1":{"name":"(anonymous_1)","decl":{"start":{"line":13,"column":1},"end":{"line":13,"column":2}},"loc":{"start":{"line":13,"column":51},"end":{"line":20,"column":2}},"line":13},"2":{"name":"(anonymous_2)","decl":{"start":{"line":22,"column":1},"end":{"line":22,"column":2}},"loc":{"start":{"line":22,"column":59},"end":{"line":34,"column":2}},"line":22},"3":{"name":"(anonymous_3)","decl":{"start":{"line":23,"column":29},"end":{"line":23,"column":30}},"loc":{"start":{"line":23,"column":37},"end":{"line":25,"column":3}},"line":23}},"branchMap":{},"s":{"0":1,"1":1,"2":1,"3":1,"4":0,"5":1,"6":0,"7":0,"8":0,"9":0,"10":0},"f":{"0":1,"1":1,"2":0,"3":0},"b":{},"_coverageSchema":"1a1c01bbd47fc00a2c39e90264f33305004495a9","hash":"e4a149cb7db18403acb4b4e84144cf1155bad0e8"}
,"/Users/axw/Documents/gitProjects/hardhat-block-explore/hardhat-data-aggregator/src/hardhat-node-services.ts": {"path":"/Users/axw/Documents/gitProjects/hardhat-block-explore/hardhat-data-aggregator/src/hardhat-node-services.ts","statementMap":{"0":{"start":{"line":7,"column":35},"end":{"line":7,"column":37}},"1":{"start":{"line":10,"column":2},"end":{"line":10,"column":35}},"2":{"start":{"line":11,"column":2},"end":{"line":11,"column":57}},"3":{"start":{"line":15,"column":2},"end":{"line":15,"column":41}},"4":{"start":{"line":19,"column":2},"end":{"line":23,"column":3}},"5":{"start":{"line":20,"column":3},"end":{"line":20,"column":45}},"6":{"start":{"line":22,"column":3},"end":{"line":22,"column":11}},"7":{"start":{"line":25,"column":2},"end":{"line":25,"column":12}}},"fnMap":{"0":{"name":"(anonymous_0)","decl":{"start":{"line":9,"column":1},"end":{"line":9,"column":2}},"loc":{"start":{"line":9,"column":35},"end":{"line":12,"column":2}},"line":9},"1":{"name":"(anonymous_1)","decl":{"start":{"line":14,"column":1},"end":{"line":14,"column":2}},"loc":{"start":{"line":14,"column":29},"end":{"line":16,"column":2}},"line":14},"2":{"name":"(anonymous_2)","decl":{"start":{"line":18,"column":1},"end":{"line":18,"column":2}},"loc":{"start":{"line":18,"column":46},"end":{"line":26,"column":2}},"line":18}},"branchMap":{},"s":{"0":0,"1":0,"2":0,"3":0,"4":0,"5":0,"6":0,"7":0},"f":{"0":0,"1":0,"2":0},"b":{},"_coverageSchema":"1a1c01bbd47fc00a2c39e90264f33305004495a9","hash":"10a2e54f4c197ce4e42c1507ab41b4d024ee7d2e"}
,"/Users/axw/Documents/gitProjects/hardhat-block-explore/hardhat-data-aggregator/src/hardhat-types.ts": {"path":"/Users/axw/Documents/gitProjects/hardhat-block-explore/hardhat-data-aggregator/src/hardhat-types.ts","statementMap":{"0":{"start":{"line":7,"column":2},"end":{"line":7,"column":35}}},"fnMap":{"0":{"name":"(anonymous_0)","decl":{"start":{"line":6,"column":1},"end":{"line":6,"column":2}},"loc":{"start":{"line":6,"column":30},"end":{"line":8,"column":2}},"line":6}},"branchMap":{},"s":{"0":0},"f":{"0":0},"b":{},"_coverageSchema":"1a1c01bbd47fc00a2c39e90264f33305004495a9","hash":"73cb31c3b8a25a4b2326d36ca9a4512a1a386972"}
,"/Users/axw/Documents/gitProjects/hardhat-block-explore/hardhat-data-aggregator/src/prisma-client-services.ts": {"path":"/Users/axw/Documents/gitProjects/hardhat-block-explore/hardhat-data-aggregator/src/prisma-client-services.ts","statementMap":{"0":{"start":{"line":8,"column":2},"end":{"line":8,"column":35}},"1":{"start":{"line":9,"column":2},"end":{"line":9,"column":36}},"2":{"start":{"line":10,"column":2},"end":{"line":10,"column":40}},"3":{"start":{"line":18,"column":2},"end":{"line":18,"column":23}},"4":{"start":{"line":22,"column":2},"end":{"line":22,"column":46}},"5":{"start":{"line":30,"column":2},"end":{"line":30,"column":23}},"6":{"start":{"line":34,"column":15},"end":{"line":36,"column":4}},"7":{"start":{"line":35,"column":3},"end":{"line":35,"column":25}},"8":{"start":{"line":35,"column":12},"end":{"line":35,"column":25}},"9":{"start":{"line":37,"column":2},"end":{"line":37,"column":20}}},"fnMap":{"0":{"name":"(anonymous_0)","decl":{"start":{"line":7,"column":1},"end":{"line":7,"column":2}},"loc":{"start":{"line":7,"column":15},"end":{"line":11,"column":2}},"line":7},"1":{"name":"(anonymous_1)","decl":{"start":{"line":17,"column":1},"end":{"line":17,"column":2}},"loc":{"start":{"line":17,"column":35},"end":{"line":19,"column":2}},"line":17},"2":{"name":"(anonymous_2)","decl":{"start":{"line":21,"column":1},"end":{"line":21,"column":2}},"loc":{"start":{"line":21,"column":38},"end":{"line":23,"column":2}},"line":21},"3":{"name":"(anonymous_3)","decl":{"start":{"line":29,"column":1},"end":{"line":29,"column":2}},"loc":{"start":{"line":29,"column":35},"end":{"line":31,"column":2}},"line":29},"4":{"name":"(anonymous_4)","decl":{"start":{"line":33,"column":1},"end":{"line":33,"column":2}},"loc":{"start":{"line":33,"column":58},"end":{"line":42,"column":2}},"line":33},"5":{"name":"(anonymous_5)","decl":{"start":{"line":34,"column":31},"end":{"line":34,"column":32}},"loc":{"start":{"line":34,"column":41},"end":{"line":36,"column":3}},"line":34}},"branchMap":{},"s":{"0":1,"1":1,"2":1,"3":1,"4":0,"5":1,"6":1,"7":0,"8":0,"9":1},"f":{"0":1,"1":1,"2":0,"3":1,"4":1,"5":0},"b":{},"_coverageSchema":"1a1c01bbd47fc00a2c39e90264f33305004495a9","hash":"c29fc87769dce6b3c81e790645fef13743e5d6c0"}
,"/Users/axw/Documents/gitProjects/hardhat-block-explore/hardhat-data-aggregator/test/utils/utils.ts": {"path":"/Users/axw/Documents/gitProjects/hardhat-block-explore/hardhat-data-aggregator/test/utils/utils.ts","statementMap":{"0":{"start":{"line":5,"column":2},"end":{"line":9,"column":3}},"1":{"start":{"line":6,"column":3},"end":{"line":6,"column":35}},"2":{"start":{"line":8,"column":3},"end":{"line":8,"column":13}},"3":{"start":{"line":13,"column":2},"end":{"line":17,"column":3}},"4":{"start":{"line":14,"column":3},"end":{"line":14,"column":32}},"5":{"start":{"line":16,"column":3},"end":{"line":16,"column":13}},"6":{"start":{"line":21,"column":2},"end":{"line":21,"column":37}}},"fnMap":{"0":{"name":"(anonymous_0)","decl":{"start":{"line":4,"column":1},"end":{"line":4,"column":2}},"loc":{"start":{"line":4,"column":51},"end":{"line":10,"column":2}},"line":4},"1":{"name":"(anonymous_1)","decl":{"start":{"line":12,"column":1},"end":{"line":12,"column":2}},"loc":{"start":{"line":12,"column":35},"end":{"line":18,"column":2}},"line":12},"2":{"name":"(anonymous_2)","decl":{"start":{"line":20,"column":1},"end":{"line":20,"column":2}},"loc":{"start":{"line":20,"column":41},"end":{"line":22,"column":2}},"line":20}},"branchMap":{},"s":{"0":0,"1":0,"2":0,"3":1,"4":1,"5":0,"6":1},"f":{"0":0,"1":1,"2":1},"b":{},"_coverageSchema":"1a1c01bbd47fc00a2c39e90264f33305004495a9","hash":"788e3b582fb2b8ed82128be239fa3e762b128350"}
}
